Performing C SOURCE FILE Test CMAKE_HAVE_LIBC_PTHREAD failed with the following output:
Change Dir: /root/m_muduo/CMakeFiles/CMakeTmp

Run Build Command(s):/usr/bin/gmake -f Makefile cmTC_33d82/fast && gmake[1]: Entering directory `/root/m_muduo/CMakeFiles/CMakeTmp'
/usr/bin/gmake  -f CMakeFiles/cmTC_33d82.dir/build.make CMakeFiles/cmTC_33d82.dir/build
gmake[2]: Entering directory `/root/m_muduo/CMakeFiles/CMakeTmp'
Building C object CMakeFiles/cmTC_33d82.dir/src.c.o
/usr/bin/gcc -DCMAKE_HAVE_LIBC_PTHREAD   -o CMakeFiles/cmTC_33d82.dir/src.c.o -c /root/m_muduo/CMakeFiles/CMakeTmp/src.c
Linking C executable cmTC_33d82
/usr/local/bin/cmake -E cmake_link_script CMakeFiles/cmTC_33d82.dir/link.txt --verbose=1
/usr/bin/gcc -rdynamic CMakeFiles/cmTC_33d82.dir/src.c.o -o cmTC_33d82 
/opt/rh/devtoolset-9/root/usr/libexec/gcc/x86_64-redhat-linux/9/ld: CMakeFiles/cmTC_33d82.dir/src.c.o: in function `main':
src.c:(.text+0x2d): undefined reference to `pthread_create'
/opt/rh/devtoolset-9/root/usr/libexec/gcc/x86_64-redhat-linux/9/ld: src.c:(.text+0x39): undefined reference to `pthread_detach'
/opt/rh/devtoolset-9/root/usr/libexec/gcc/x86_64-redhat-linux/9/ld: src.c:(.text+0x45): undefined reference to `pthread_cancel'
/opt/rh/devtoolset-9/root/usr/libexec/gcc/x86_64-redhat-linux/9/ld: src.c:(.text+0x56): undefined reference to `pthread_join'
/opt/rh/devtoolset-9/root/usr/libexec/gcc/x86_64-redhat-linux/9/ld: src.c:(.text+0x6a): undefined reference to `pthread_atfork'
collect2: error: ld returned 1 exit status
gmake[2]: *** [cmTC_33d82] Error 1
gmake[2]: Leaving directory `/root/m_muduo/CMakeFiles/CMakeTmp'
gmake[1]: *** [cmTC_33d82/fast] Error 2
gmake[1]: Leaving directory `/root/m_muduo/CMakeFiles/CMakeTmp'


Source file was:
#include <pthread.h>

static void* test_func(void* data)
{
  return data;
}

int main(void)
{
  pthread_t thread;
  pthread_create(&thread, NULL, test_func, NULL);
  pthread_detach(thread);
  pthread_cancel(thread);
  pthread_join(thread, NULL);
  pthread_atfork(NULL, NULL, NULL);
  pthread_exit(NULL);

  return 0;
}

Determining if the function pthread_create exists in the pthreads failed with the following output:
Change Dir: /root/m_muduo/CMakeFiles/CMakeTmp

Run Build Command(s):/usr/bin/gmake -f Makefile cmTC_21d12/fast && gmake[1]: Entering directory `/root/m_muduo/CMakeFiles/CMakeTmp'
/usr/bin/gmake  -f CMakeFiles/cmTC_21d12.dir/build.make CMakeFiles/cmTC_21d12.dir/build
gmake[2]: Entering directory `/root/m_muduo/CMakeFiles/CMakeTmp'
Building C object CMakeFiles/cmTC_21d12.dir/CheckFunctionExists.c.o
/usr/bin/gcc   -DCHECK_FUNCTION_EXISTS=pthread_create -o CMakeFiles/cmTC_21d12.dir/CheckFunctionExists.c.o -c /usr/local/share/cmake-3.21/Modules/CheckFunctionExists.c
Linking C executable cmTC_21d12
/usr/local/bin/cmake -E cmake_link_script CMakeFiles/cmTC_21d12.dir/link.txt --verbose=1
/usr/bin/gcc  -DCHECK_FUNCTION_EXISTS=pthread_create -rdynamic CMakeFiles/cmTC_21d12.dir/CheckFunctionExists.c.o -o cmTC_21d12  -lpthreads 
/opt/rh/devtoolset-9/root/usr/libexec/gcc/x86_64-redhat-linux/9/ld: cannot find -lpthreads
collect2: error: ld returned 1 exit status
gmake[2]: *** [cmTC_21d12] Error 1
gmake[2]: Leaving directory `/root/m_muduo/CMakeFiles/CMakeTmp'
gmake[1]: *** [cmTC_21d12/fast] Error 2
gmake[1]: Leaving directory `/root/m_muduo/CMakeFiles/CMakeTmp'



